<?xml version="1.0" encoding="UTF-8"?>
<testng-results ignored="0" total="1" passed="1" failed="0" skipped="0">
  <reporter-output>
  </reporter-output>
  <suite started-at="2024-03-14T09:45:53 IST" name="Default suite" finished-at="2024-03-14T09:45:58 IST" duration-ms="4478">
    <groups>
    </groups>
    <test started-at="2024-03-14T09:45:53 IST" name="Default test" finished-at="2024-03-14T09:45:58 IST" duration-ms="4478">
      <class name="com.pojo.PostWithPojo">
        <test-method is-config="true" signature="setup()[pri:0, instance:com.pojo.PostWithPojo@13e344d]" started-at="2024-03-14T09:45:54 IST" name="setup" finished-at="2024-03-14T09:45:54 IST" duration-ms="537" status="PASS">
          <reporter-output>
          </reporter-output>
        </test-method> <!-- setup -->
        <test-method signature="postRequest()[pri:0, instance:com.pojo.PostWithPojo@13e344d]" started-at="2024-03-14T09:45:54 IST" name="postRequest" finished-at="2024-03-14T09:45:58 IST" duration-ms="3879" status="PASS">
          <reporter-output>
          </reporter-output>
        </test-method> <!-- postRequest -->
      </class> <!-- com.pojo.PostWithPojo -->
    </test> <!-- Default test -->
  </suite> <!-- Default suite -->
</testng-results>
