<?xml version="1.0" encoding="UTF-8"?>
<testng-results ignored="0" total="1" passed="1" failed="0" skipped="0">
  <reporter-output>
  </reporter-output>
  <suite started-at="2024-03-13T10:08:45 IST" name="Default suite" finished-at="2024-03-13T10:08:48 IST" duration-ms="2885">
    <groups>
    </groups>
    <test started-at="2024-03-13T10:08:45 IST" name="Default test" finished-at="2024-03-13T10:08:48 IST" duration-ms="2885">
      <class name="com.fitea.restcall.PostMethod">
        <test-method is-config="true" signature="setup()[pri:0, instance:com.fitea.restcall.PostMethod@e350b40]" started-at="2024-03-13T10:08:45 IST" name="setup" finished-at="2024-03-13T10:08:46 IST" duration-ms="557" status="PASS">
          <reporter-output>
          </reporter-output>
        </test-method> <!-- setup -->
        <test-method signature="postRequest()[pri:0, instance:com.fitea.restcall.PostMethod@e350b40]" started-at="2024-03-13T10:08:46 IST" name="postRequest" finished-at="2024-03-13T10:08:48 IST" duration-ms="2270" status="PASS">
          <reporter-output>
          </reporter-output>
        </test-method> <!-- postRequest -->
      </class> <!-- com.fitea.restcall.PostMethod -->
    </test> <!-- Default test -->
  </suite> <!-- Default suite -->
</testng-results>
